
{"level":"info","message":"Listening on port 3000...","timestamp":"2020-05-26T09:36:57.381Z"}
{"level":"info","message":"Connected to mongodb://localhost/movie-rent...","timestamp":"2020-05-26T09:36:58.397Z"}
{"level":"info","message":"Listening on port 3000...","timestamp":"2020-05-26T09:37:17.436Z"}
{"level":"info","message":"Connected to mongodb://localhost/movie-rent...","timestamp":"2020-05-26T09:37:18.449Z"}
{"level":"info","message":"Listening on port 3000...","timestamp":"2020-05-26T09:41:04.457Z"}
{"level":"info","message":"Connected to mongodb://localhost/movie-rent...","timestamp":"2020-05-26T09:41:05.477Z"}
{"level":"info","message":"Listening on port 3000...","timestamp":"2020-05-26T09:43:07.396Z"}
{"level":"info","message":"Connected to mongodb://localhost/movie-rent...","timestamp":"2020-05-26T09:43:08.410Z"}
{"level":"info","message":"Listening on port 3000...","timestamp":"2020-05-26T09:44:17.499Z"}
{"level":"info","message":"Connected to mongodb://localhost/movie-rent...","timestamp":"2020-05-26T09:44:18.513Z"}
{"level":"info","message":"Listening on port 3001...","timestamp":"2020-05-26T09:45:16.086Z"}
{"level":"info","message":"Connected to mongodb://localhost/movie-rent...","timestamp":"2020-05-26T09:45:17.098Z"}
{"level":"info","message":"Listening on port 3001...","timestamp":"2020-05-26T09:46:30.734Z"}
{"level":"info","message":"Connected to mongodb://localhost/movie-rent...","timestamp":"2020-05-26T09:46:31.753Z"}
{"level":"info","message":"Listening on port 3001...","timestamp":"2020-05-26T09:47:11.902Z"}
{"level":"info","message":"Connected to mongodb://localhost/movie-rent...","timestamp":"2020-05-26T09:47:12.915Z"}
{"level":"info","message":"Listening on port 3001...","timestamp":"2020-05-26T09:51:20.486Z"}
{"level":"info","message":"Connected to mongodb://localhost/movie-rent...","timestamp":"2020-05-26T09:51:21.499Z"}
{"message":"Cannot set headers after they are sent to the client","stack":"Error [ERR_HTTP_HEADERS_SENT]: Cannot set headers after they are sent to the client\n    at ServerResponse.setHeader (_http_outgoing.js:526:11)\n    at ServerResponse.header (E:\\Code\\Express\\rantal-node-api\\node_modules\\express\\lib\\response.js:767:10)\n    at ServerResponse.send (E:\\Code\\Express\\rantal-node-api\\node_modules\\express\\lib\\response.js:170:12)\n    at E:\\Code\\Express\\rantal-node-api\\routes\\auth.js:19:7","code":"ERR_HTTP_HEADERS_SENT","level":"error","timestamp":"2020-05-26T09:51:28.051Z"}
{"message":"Cannot set headers after they are sent to the client","stack":"Error [ERR_HTTP_HEADERS_SENT]: Cannot set headers after they are sent to the client\n    at ServerResponse.setHeader (_http_outgoing.js:526:11)\n    at ServerResponse.header (E:\\Code\\Express\\rantal-node-api\\node_modules\\express\\lib\\response.js:767:10)\n    at ServerResponse.send (E:\\Code\\Express\\rantal-node-api\\node_modules\\express\\lib\\response.js:170:12)\n    at E:\\Code\\Express\\rantal-node-api\\routes\\auth.js:19:7","code":"ERR_HTTP_HEADERS_SENT","level":"error","timestamp":"2020-05-26T09:51:30.114Z"}
{"level":"info","message":"Listening on port 3001...","timestamp":"2020-05-26T09:51:40.512Z"}
{"level":"info","message":"Connected to mongodb://localhost/movie-rent...","timestamp":"2020-05-26T09:51:41.526Z"}
{"level":"info","message":"Listening on port 3001...","timestamp":"2020-05-26T10:09:49.519Z"}
{"level":"info","message":"Connected to mongodb://localhost/movie-rent...","timestamp":"2020-05-26T10:09:50.540Z"}
{"level":"info","message":"Listening on port 3001...","timestamp":"2020-05-26T10:10:10.543Z"}
{"level":"info","message":"Connected to mongodb://localhost/movie-rent...","timestamp":"2020-05-26T10:10:11.555Z"}
{"message":"Cannot read property 'split' of undefined","stack":"TypeError: Cannot read property 'split' of undefined\n    at module.exports (E:\\Code\\Express\\rantal-node-api\\middleware\\auth.js:5:37)\n    at E:\\Code\\Express\\rantal-node-api\\node_modules\\express-async-errors\\index.js:17:17\n    at Layer.handle [as handle_request] (E:\\Code\\Express\\rantal-node-api\\node_modules\\express\\lib\\router\\layer.js:95:5)\n    at next (E:\\Code\\Express\\rantal-node-api\\node_modules\\express\\lib\\router\\route.js:137:13)\n    at Route.dispatch (E:\\Code\\Express\\rantal-node-api\\node_modules\\express\\lib\\router\\route.js:112:3)\n    at E:\\Code\\Express\\rantal-node-api\\node_modules\\express-async-errors\\index.js:17:17\n    at Layer.handle [as handle_request] (E:\\Code\\Express\\rantal-node-api\\node_modules\\express\\lib\\router\\layer.js:95:5)\n    at E:\\Code\\Express\\rantal-node-api\\node_modules\\express\\lib\\router\\index.js:281:22\n    at Function.process_params (E:\\Code\\Express\\rantal-node-api\\node_modules\\express\\lib\\router\\index.js:335:12)\n    at next (E:\\Code\\Express\\rantal-node-api\\node_modules\\express\\lib\\router\\index.js:275:10)\n    at Function.handle (E:\\Code\\Express\\rantal-node-api\\node_modules\\express\\lib\\router\\index.js:174:3)\n    at router (E:\\Code\\Express\\rantal-node-api\\node_modules\\express\\lib\\router\\index.js:47:12)\n    at E:\\Code\\Express\\rantal-node-api\\node_modules\\express-async-errors\\index.js:17:17\n    at Layer.handle [as handle_request] (E:\\Code\\Express\\rantal-node-api\\node_modules\\express\\lib\\router\\layer.js:95:5)\n    at trim_prefix (E:\\Code\\Express\\rantal-node-api\\node_modules\\express\\lib\\router\\index.js:317:13)\n    at E:\\Code\\Express\\rantal-node-api\\node_modules\\express\\lib\\router\\index.js:284:7","level":"error","timestamp":"2020-05-26T10:11:04.423Z"}
{"message":"Cannot read property 'split' of undefined","stack":"TypeError: Cannot read property 'split' of undefined\n    at module.exports (E:\\Code\\Express\\rantal-node-api\\middleware\\auth.js:5:37)\n    at E:\\Code\\Express\\rantal-node-api\\node_modules\\express-async-errors\\index.js:17:17\n    at Layer.handle [as handle_request] (E:\\Code\\Express\\rantal-node-api\\node_modules\\express\\lib\\router\\layer.js:95:5)\n    at next (E:\\Code\\Express\\rantal-node-api\\node_modules\\express\\lib\\router\\route.js:137:13)\n    at Route.dispatch (E:\\Code\\Express\\rantal-node-api\\node_modules\\express\\lib\\router\\route.js:112:3)\n    at E:\\Code\\Express\\rantal-node-api\\node_modules\\express-async-errors\\index.js:17:17\n    at Layer.handle [as handle_request] (E:\\Code\\Express\\rantal-node-api\\node_modules\\express\\lib\\router\\layer.js:95:5)\n    at E:\\Code\\Express\\rantal-node-api\\node_modules\\express\\lib\\router\\index.js:281:22\n    at Function.process_params (E:\\Code\\Express\\rantal-node-api\\node_modules\\express\\lib\\router\\index.js:335:12)\n    at next (E:\\Code\\Express\\rantal-node-api\\node_modules\\express\\lib\\router\\index.js:275:10)\n    at Function.handle (E:\\Code\\Express\\rantal-node-api\\node_modules\\express\\lib\\router\\index.js:174:3)\n    at router (E:\\Code\\Express\\rantal-node-api\\node_modules\\express\\lib\\router\\index.js:47:12)\n    at E:\\Code\\Express\\rantal-node-api\\node_modules\\express-async-errors\\index.js:17:17\n    at Layer.handle [as handle_request] (E:\\Code\\Express\\rantal-node-api\\node_modules\\express\\lib\\router\\layer.js:95:5)\n    at trim_prefix (E:\\Code\\Express\\rantal-node-api\\node_modules\\express\\lib\\router\\index.js:317:13)\n    at E:\\Code\\Express\\rantal-node-api\\node_modules\\express\\lib\\router\\index.js:284:7","level":"error","timestamp":"2020-05-26T10:11:38.398Z"}
{"level":"info","message":"Listening on port 3001...","timestamp":"2020-05-26T10:11:42.070Z"}
{"level":"info","message":"Connected to mongodb://localhost/movie-rent...","timestamp":"2020-05-26T10:11:43.086Z"}
{"message":"Cannot read property 'split' of undefined","stack":"TypeError: Cannot read property 'split' of undefined\n    at module.exports (E:\\Code\\Express\\rantal-node-api\\middleware\\auth.js:5:37)\n    at E:\\Code\\Express\\rantal-node-api\\node_modules\\express-async-errors\\index.js:17:17\n    at Layer.handle [as handle_request] (E:\\Code\\Express\\rantal-node-api\\node_modules\\express\\lib\\router\\layer.js:95:5)\n    at next (E:\\Code\\Express\\rantal-node-api\\node_modules\\express\\lib\\router\\route.js:137:13)\n    at Route.dispatch (E:\\Code\\Express\\rantal-node-api\\node_modules\\express\\lib\\router\\route.js:112:3)\n    at E:\\Code\\Express\\rantal-node-api\\node_modules\\express-async-errors\\index.js:17:17\n    at Layer.handle [as handle_request] (E:\\Code\\Express\\rantal-node-api\\node_modules\\express\\lib\\router\\layer.js:95:5)\n    at E:\\Code\\Express\\rantal-node-api\\node_modules\\express\\lib\\router\\index.js:281:22\n    at Function.process_params (E:\\Code\\Express\\rantal-node-api\\node_modules\\express\\lib\\router\\index.js:335:12)\n    at next (E:\\Code\\Express\\rantal-node-api\\node_modules\\express\\lib\\router\\index.js:275:10)\n    at Function.handle (E:\\Code\\Express\\rantal-node-api\\node_modules\\express\\lib\\router\\index.js:174:3)\n    at router (E:\\Code\\Express\\rantal-node-api\\node_modules\\express\\lib\\router\\index.js:47:12)\n    at E:\\Code\\Express\\rantal-node-api\\node_modules\\express-async-errors\\index.js:17:17\n    at Layer.handle [as handle_request] (E:\\Code\\Express\\rantal-node-api\\node_modules\\express\\lib\\router\\layer.js:95:5)\n    at trim_prefix (E:\\Code\\Express\\rantal-node-api\\node_modules\\express\\lib\\router\\index.js:317:13)\n    at E:\\Code\\Express\\rantal-node-api\\node_modules\\express\\lib\\router\\index.js:284:7","level":"error","timestamp":"2020-05-26T10:11:45.521Z"}
{"level":"info","message":"Listening on port 3001...","timestamp":"2020-05-26T10:12:11.885Z"}
{"level":"info","message":"Connected to mongodb://localhost/movie-rent...","timestamp":"2020-05-26T10:12:12.898Z"}
{"message":"name argument is required to req.get","stack":"TypeError: name argument is required to req.get\n    at IncomingMessage.header (E:\\Code\\Express\\rantal-node-api\\node_modules\\express\\lib\\request.js:67:11)\n    at module.exports (E:\\Code\\Express\\rantal-node-api\\middleware\\auth.js:5:21)\n    at E:\\Code\\Express\\rantal-node-api\\node_modules\\express-async-errors\\index.js:17:17\n    at Layer.handle [as handle_request] (E:\\Code\\Express\\rantal-node-api\\node_modules\\express\\lib\\router\\layer.js:95:5)\n    at next (E:\\Code\\Express\\rantal-node-api\\node_modules\\express\\lib\\router\\route.js:137:13)\n    at Route.dispatch (E:\\Code\\Express\\rantal-node-api\\node_modules\\express\\lib\\router\\route.js:112:3)\n    at E:\\Code\\Express\\rantal-node-api\\node_modules\\express-async-errors\\index.js:17:17\n    at Layer.handle [as handle_request] (E:\\Code\\Express\\rantal-node-api\\node_modules\\express\\lib\\router\\layer.js:95:5)\n    at E:\\Code\\Express\\rantal-node-api\\node_modules\\express\\lib\\router\\index.js:281:22\n    at Function.process_params (E:\\Code\\Express\\rantal-node-api\\node_modules\\express\\lib\\router\\index.js:335:12)\n    at next (E:\\Code\\Express\\rantal-node-api\\node_modules\\express\\lib\\router\\index.js:275:10)\n    at Function.handle (E:\\Code\\Express\\rantal-node-api\\node_modules\\express\\lib\\router\\index.js:174:3)\n    at router (E:\\Code\\Express\\rantal-node-api\\node_modules\\express\\lib\\router\\index.js:47:12)\n    at E:\\Code\\Express\\rantal-node-api\\node_modules\\express-async-errors\\index.js:17:17\n    at Layer.handle [as handle_request] (E:\\Code\\Express\\rantal-node-api\\node_modules\\express\\lib\\router\\layer.js:95:5)\n    at trim_prefix (E:\\Code\\Express\\rantal-node-api\\node_modules\\express\\lib\\router\\index.js:317:13)","level":"error","timestamp":"2020-05-26T10:12:16.371Z"}
{"level":"info","message":"Listening on port 3001...","timestamp":"2020-05-26T10:12:37.887Z"}
{"level":"info","message":"Connected to mongodb://localhost/movie-rent...","timestamp":"2020-05-26T10:12:38.900Z"}
{"message":"name argument is required to req.get","stack":"TypeError: name argument is required to req.get\n    at IncomingMessage.header (E:\\Code\\Express\\rantal-node-api\\node_modules\\express\\lib\\request.js:67:11)\n    at module.exports (E:\\Code\\Express\\rantal-node-api\\middleware\\auth.js:6:21)\n    at E:\\Code\\Express\\rantal-node-api\\node_modules\\express-async-errors\\index.js:17:17\n    at Layer.handle [as handle_request] (E:\\Code\\Express\\rantal-node-api\\node_modules\\express\\lib\\router\\layer.js:95:5)\n    at next (E:\\Code\\Express\\rantal-node-api\\node_modules\\express\\lib\\router\\route.js:137:13)\n    at Route.dispatch (E:\\Code\\Express\\rantal-node-api\\node_modules\\express\\lib\\router\\route.js:112:3)\n    at E:\\Code\\Express\\rantal-node-api\\node_modules\\express-async-errors\\index.js:17:17\n    at Layer.handle [as handle_request] (E:\\Code\\Express\\rantal-node-api\\node_modules\\express\\lib\\router\\layer.js:95:5)\n    at E:\\Code\\Express\\rantal-node-api\\node_modules\\express\\lib\\router\\index.js:281:22\n    at Function.process_params (E:\\Code\\Express\\rantal-node-api\\node_modules\\express\\lib\\router\\index.js:335:12)\n    at next (E:\\Code\\Express\\rantal-node-api\\node_modules\\express\\lib\\router\\index.js:275:10)\n    at Function.handle (E:\\Code\\Express\\rantal-node-api\\node_modules\\express\\lib\\router\\index.js:174:3)\n    at router (E:\\Code\\Express\\rantal-node-api\\node_modules\\express\\lib\\router\\index.js:47:12)\n    at E:\\Code\\Express\\rantal-node-api\\node_modules\\express-async-errors\\index.js:17:17\n    at Layer.handle [as handle_request] (E:\\Code\\Express\\rantal-node-api\\node_modules\\express\\lib\\router\\layer.js:95:5)\n    at trim_prefix (E:\\Code\\Express\\rantal-node-api\\node_modules\\express\\lib\\router\\index.js:317:13)","level":"error","timestamp":"2020-05-26T10:12:41.529Z"}
{"level":"info","message":"Listening on port 3001...","timestamp":"2020-05-26T10:14:04.713Z"}
{"level":"info","message":"Connected to mongodb://localhost/movie-rent...","timestamp":"2020-05-26T10:14:05.724Z"}
{"level":"info","message":"Listening on port 3001...","timestamp":"2020-05-26T10:16:01.695Z"}
{"level":"info","message":"Connected to mongodb://localhost/movie-rent...","timestamp":"2020-05-26T10:16:02.708Z"}
{"level":"info","message":"Listening on port 3001...","timestamp":"2020-05-26T10:16:27.863Z"}
{"level":"info","message":"Connected to mongodb://localhost/movie-rent...","timestamp":"2020-05-26T10:16:28.875Z"}
{"level":"info","message":"Listening on port 3001...","timestamp":"2020-05-26T11:45:16.286Z"}
{"level":"info","message":"Connected to mongodb://localhost/movie-rent...","timestamp":"2020-05-26T11:45:17.299Z"}
{"level":"info","message":"Listening on port 3001...","timestamp":"2020-09-23T09:16:24.870Z"}
{"level":"info","message":"Connected to mongodb://localhost/skillhub_239-1...","timestamp":"2020-09-23T09:16:26.888Z"}
{"level":"info","message":"Listening on port 3001...","timestamp":"2020-09-23T09:17:02.497Z"}
{"level":"info","message":"Connected to mongodb://localhost/skillhub_239-1...","timestamp":"2020-09-23T09:17:04.508Z"}
{"message":"Invalid status code: 0","stack":"RangeError [ERR_HTTP_INVALID_STATUS_CODE]: Invalid status code: 0\n    at ServerResponse.writeHead (_http_server.js:248:11)\n    at ServerResponse._implicitHeader (_http_server.js:239:8)\n    at write_ (_http_outgoing.js:650:9)\n    at ServerResponse.end (_http_outgoing.js:760:5)\n    at ServerResponse.send (E:\\Code\\Express\\rantal-node-api\\node_modules\\express\\lib\\response.js:221:10)\n    at ServerResponse.json (E:\\Code\\Express\\rantal-node-api\\node_modules\\express\\lib\\response.js:267:15)\n    at E:\\Code\\Express\\rantal-node-api\\routes\\users.js:45:7","code":"ERR_HTTP_INVALID_STATUS_CODE","level":"error","timestamp":"2020-09-23T09:17:06.588Z"}
{"level":"info","message":"Listening on port 3001...","timestamp":"2020-09-23T09:17:31.552Z"}
{"level":"info","message":"Connected to mongodb://localhost/skillhub_239-1...","timestamp":"2020-09-23T09:17:33.564Z"}
{"level":"info","message":"Listening on port 3001...","timestamp":"2020-09-23T09:17:54.760Z"}
{"level":"info","message":"Connected to mongodb://localhost/skillhub_239-1...","timestamp":"2020-09-23T09:17:56.771Z"}
{"level":"info","message":"Listening on port 3001...","timestamp":"2020-09-23T09:18:54.612Z"}
{"level":"info","message":"Connected to mongodb://localhost/skillhub_239-1...","timestamp":"2020-09-23T09:18:56.624Z"}
{"level":"info","message":"Listening on port 3001...","timestamp":"2020-09-23T09:51:39.855Z"}
{"level":"info","message":"Connected to mongodb://localhost/skillhub_239-1...","timestamp":"2020-09-23T09:51:41.871Z"}
{"level":"info","message":"Listening on port 3001...","timestamp":"2020-09-23T09:52:40.234Z"}
{"level":"info","message":"Connected to mongodb://localhost/skillhub_239-1...","timestamp":"2020-09-23T09:52:42.249Z"}
{"level":"info","message":"Listening on port 3001...","timestamp":"2020-09-23T09:53:13.542Z"}
{"level":"info","message":"Connected to mongodb://localhost/skillhub_239-1...","timestamp":"2020-09-23T09:53:15.552Z"}
{"level":"info","message":"Listening on port 3001...","timestamp":"2020-09-23T09:54:02.358Z"}
{"level":"info","message":"Connected to mongodb://localhost/skillhub_239-1...","timestamp":"2020-09-23T09:54:04.371Z"}
{"level":"info","message":"Listening on port 3001...","timestamp":"2020-09-23T09:54:44.404Z"}
{"level":"info","message":"Connected to mongodb://localhost/skillhub_239-1...","timestamp":"2020-09-23T09:54:46.414Z"}
{"level":"info","message":"Listening on port 3001...","timestamp":"2020-09-23T10:02:18.220Z"}
{"level":"info","message":"Connected to mongodb://localhost/skillhub_239-1...","timestamp":"2020-09-23T10:02:20.234Z"}
{"level":"info","message":"Listening on port 3001...","timestamp":"2020-09-23T10:04:35.104Z"}
{"level":"info","message":"Connected to mongodb://localhost/skillhub_239-1...","timestamp":"2020-09-23T10:04:37.117Z"}
{"level":"info","message":"Listening on port 3001...","timestamp":"2020-09-23T10:05:42.431Z"}
{"level":"info","message":"Connected to mongodb://localhost/skillhub_239-1...","timestamp":"2020-09-23T10:05:44.444Z"}
{"level":"info","message":"Listening on port 3001...","timestamp":"2020-09-23T10:06:38.491Z"}
{"level":"info","message":"Connected to mongodb://localhost/skillhub_239-1...","timestamp":"2020-09-23T10:06:40.502Z"}
{"level":"info","message":"Listening on port 3001...","timestamp":"2020-09-23T10:35:31.454Z"}
{"level":"info","message":"Connected to mongodb://localhost/skillhub_239-1...","timestamp":"2020-09-23T10:35:33.465Z"}
{"level":"info","message":"Listening on port 3001...","timestamp":"2020-09-23T10:36:08.587Z"}
{"level":"info","message":"Connected to mongodb://localhost/skillhub_239-1...","timestamp":"2020-09-23T10:36:10.598Z"}
{"level":"info","message":"Listening on port 3001...","timestamp":"2020-09-23T11:04:51.385Z"}
{"level":"info","message":"Connected to mongodb://localhost/skillhub_239-1...","timestamp":"2020-09-23T11:04:53.397Z"}
{"level":"info","message":"Listening on port 3001...","timestamp":"2020-09-23T11:06:32.031Z"}
{"level":"info","message":"Connected to mongodb://localhost/skillhub_239-1...","timestamp":"2020-09-23T11:06:34.044Z"}
{"level":"info","message":"Listening on port 3001...","timestamp":"2020-09-23T11:06:43.405Z"}
{"level":"info","message":"Connected to mongodb://localhost/skillhub_239-1...","timestamp":"2020-09-23T11:06:45.416Z"}
{"level":"info","message":"Listening on port 3001...","timestamp":"2020-09-23T11:07:10.006Z"}
{"level":"info","message":"Connected to mongodb://localhost/skillhub_239-1...","timestamp":"2020-09-23T11:07:12.019Z"}
{"level":"info","message":"Listening on port 3001...","timestamp":"2020-09-23T11:07:25.418Z"}
{"level":"info","message":"Connected to mongodb://localhost/skillhub_239-1...","timestamp":"2020-09-23T11:07:27.428Z"}
{"level":"info","message":"Listening on port 3001...","timestamp":"2020-09-23T11:07:31.136Z"}
{"level":"info","message":"Connected to mongodb://localhost/skillhub_239-1...","timestamp":"2020-09-23T11:07:33.158Z"}
{"level":"info","message":"Listening on port 3001...","timestamp":"2020-09-23T11:11:10.003Z"}
{"level":"info","message":"Connected to mongodb://localhost/skillhub_239-1...","timestamp":"2020-09-23T11:11:12.012Z"}
{"level":"info","message":"Listening on port 3001...","timestamp":"2020-09-23T11:11:37.046Z"}
{"level":"info","message":"Connected to mongodb://localhost/skillhub_239-1...","timestamp":"2020-09-23T11:11:39.057Z"}
{"level":"info","message":"Listening on port 3001...","timestamp":"2020-09-23T11:16:25.949Z"}
{"level":"info","message":"Connected to mongodb://localhost/skillhub_239-1...","timestamp":"2020-09-23T11:16:27.958Z"}
{"level":"info","message":"Listening on port 3001...","timestamp":"2020-09-23T11:18:41.607Z"}
{"level":"info","message":"Connected to mongodb://localhost/skillhub_239-1...","timestamp":"2020-09-23T11:18:43.619Z"}
{"level":"info","message":"Listening on port 3001...","timestamp":"2020-09-23T11:30:48.884Z"}
{"level":"info","message":"Connected to mongodb://localhost/skillhub_239-1...","timestamp":"2020-09-23T11:30:50.894Z"}
{"level":"info","message":"Listening on port 3001...","timestamp":"2020-09-23T11:32:11.161Z"}
{"level":"info","message":"Connected to mongodb://localhost/skillhub_239-1...","timestamp":"2020-09-23T11:32:13.171Z"}
{"level":"info","message":"Listening on port 3001...","timestamp":"2020-09-23T11:32:43.701Z"}
{"level":"info","message":"Connected to mongodb://localhost/skillhub_239-1...","timestamp":"2020-09-23T11:32:45.713Z"}
{"level":"info","message":"Listening on port 3001...","timestamp":"2020-09-23T11:38:29.073Z"}
{"level":"info","message":"Connected to mongodb://localhost/skillhub_239-1...","timestamp":"2020-09-23T11:38:31.083Z"}
{"message":"today is not defined","stack":"ReferenceError: today is not defined\n    at E:\\Code\\Express\\rantal-node-api\\routes\\users.js:87:5","level":"error","timestamp":"2020-09-23T11:38:33.716Z"}
{"level":"info","message":"Listening on port 3001...","timestamp":"2020-09-23T11:39:01.439Z"}
{"level":"info","message":"Connected to mongodb://localhost/skillhub_239-1...","timestamp":"2020-09-23T11:39:03.452Z"}
{"level":"info","message":"Listening on port 3001...","timestamp":"2020-09-23T11:39:50.896Z"}
{"level":"info","message":"Connected to mongodb://localhost/skillhub_239-1...","timestamp":"2020-09-23T11:39:52.907Z"}
{"level":"info","message":"Listening on port 3001...","timestamp":"2020-09-23T11:40:30.808Z"}
{"level":"info","message":"Connected to mongodb://localhost/skillhub_239-1...","timestamp":"2020-09-23T11:40:32.822Z"}
{"level":"info","message":"Listening on port 3001...","timestamp":"2020-09-23T11:42:28.536Z"}
{"level":"info","message":"Connected to mongodb://localhost/skillhub_239-1...","timestamp":"2020-09-23T11:42:30.545Z"}
{"message":"custo is not defined","stack":"ReferenceError: custo is not defined\n    at E:\\Code\\Express\\rantal-node-api\\routes\\users.js:78:3","level":"error","timestamp":"2020-09-23T11:42:36.605Z"}
{"level":"info","message":"Listening on port 3001...","timestamp":"2020-09-23T11:43:08.907Z"}
{"level":"info","message":"Connected to mongodb://localhost/skillhub_239-1...","timestamp":"2020-09-23T11:43:10.920Z"}
{"level":"info","message":"Listening on port 3001...","timestamp":"2020-09-23T11:44:19.784Z"}
{"level":"info","message":"Connected to mongodb://localhost/skillhub_239-1...","timestamp":"2020-09-23T11:44:21.797Z"}
{"level":"info","message":"Listening on port 3001...","timestamp":"2020-09-23T11:44:41.805Z"}
{"level":"info","message":"Connected to mongodb://localhost/skillhub_239-1...","timestamp":"2020-09-23T11:44:43.818Z"}
{"level":"info","message":"Listening on port 3001...","timestamp":"2021-03-04T04:41:04.372Z"}
{"level":"info","message":"Connected to mongodb://localhost/skillhub_239-1...","timestamp":"2021-03-04T04:41:06.391Z"}
{"level":"info","message":"Listening on port 3001...","timestamp":"2021-03-04T04:41:38.879Z"}
{"level":"info","message":"Connected to mongodb://localhost/ts-sample...","timestamp":"2021-03-04T04:41:40.892Z"}
{"message":"Cannot read property 'split' of undefined","stack":"TypeError: Cannot read property 'split' of undefined\n    at module.exports (E:\\Code\\Nodejs\\Express\\rantal-node-api\\middleware\\auth.js:6:43)\n    at E:\\Code\\Nodejs\\Express\\rantal-node-api\\node_modules\\express-async-errors\\index.js:17:17\n    at Layer.handle [as handle_request] (E:\\Code\\Nodejs\\Express\\rantal-node-api\\node_modules\\express\\lib\\router\\layer.js:95:5)\n    at next (E:\\Code\\Nodejs\\Express\\rantal-node-api\\node_modules\\express\\lib\\router\\route.js:137:13)\n    at Route.dispatch (E:\\Code\\Nodejs\\Express\\rantal-node-api\\node_modules\\express\\lib\\router\\route.js:112:3)\n    at E:\\Code\\Nodejs\\Express\\rantal-node-api\\node_modules\\express-async-errors\\index.js:17:17\n    at Layer.handle [as handle_request] (E:\\Code\\Nodejs\\Express\\rantal-node-api\\node_modules\\express\\lib\\router\\layer.js:95:5)\n    at E:\\Code\\Nodejs\\Express\\rantal-node-api\\node_modules\\express\\lib\\router\\index.js:281:22\n    at Function.process_params (E:\\Code\\Nodejs\\Express\\rantal-node-api\\node_modules\\express\\lib\\router\\index.js:335:12)\n    at next (E:\\Code\\Nodejs\\Express\\rantal-node-api\\node_modules\\express\\lib\\router\\index.js:275:10)\n    at Function.handle (E:\\Code\\Nodejs\\Express\\rantal-node-api\\node_modules\\express\\lib\\router\\index.js:174:3)\n    at router (E:\\Code\\Nodejs\\Express\\rantal-node-api\\node_modules\\express\\lib\\router\\index.js:47:12)\n    at E:\\Code\\Nodejs\\Express\\rantal-node-api\\node_modules\\express-async-errors\\index.js:17:17\n    at Layer.handle [as handle_request] (E:\\Code\\Nodejs\\Express\\rantal-node-api\\node_modules\\express\\lib\\router\\layer.js:95:5)\n    at trim_prefix (E:\\Code\\Nodejs\\Express\\rantal-node-api\\node_modules\\express\\lib\\router\\index.js:317:13)\n    at E:\\Code\\Nodejs\\Express\\rantal-node-api\\node_modules\\express\\lib\\router\\index.js:284:7","level":"error","timestamp":"2021-03-04T05:08:12.179Z"}
{"level":"info","message":"Listening on port 3001...","timestamp":"2021-03-04T05:10:12.146Z"}
{"level":"info","message":"Connected to mongodb://localhost/ts-sample...","timestamp":"2021-03-04T05:10:14.160Z"}
{"level":"info","message":"Listening on port 3001...","timestamp":"2021-03-04T05:16:19.772Z"}
{"level":"info","message":"Connected to mongodb://localhost/ts-sample...","timestamp":"2021-03-04T05:16:21.784Z"}
{"level":"info","message":"Listening on port 3001...","timestamp":"2021-03-04T05:17:22.222Z"}
{"level":"info","message":"Connected to mongodb://localhost/ts-sample...","timestamp":"2021-03-04T05:17:24.232Z"}
{"level":"info","message":"Listening on port 3001...","timestamp":"2021-03-04T05:18:53.938Z"}
{"level":"info","message":"Connected to mongodb://localhost/ts-sample...","timestamp":"2021-03-04T05:18:55.953Z"}
{"level":"info","message":"Listening on port 3001...","timestamp":"2021-03-04T05:20:35.137Z"}
{"level":"info","message":"Connected to mongodb://localhost/ts-sample...","timestamp":"2021-03-04T05:20:37.155Z"}
{"message":"validate is not defined","stack":"ReferenceError: validate is not defined\n    at E:\\Code\\Nodejs\\Express\\rantal-node-api\\routes\\users.js:29:21\n    at E:\\Code\\Nodejs\\Express\\rantal-node-api\\node_modules\\express-async-errors\\index.js:17:17\n    at Layer.handle [as handle_request] (E:\\Code\\Nodejs\\Express\\rantal-node-api\\node_modules\\express\\lib\\router\\layer.js:95:5)\n    at next (E:\\Code\\Nodejs\\Express\\rantal-node-api\\node_modules\\express\\lib\\router\\route.js:137:13)\n    at Route.dispatch (E:\\Code\\Nodejs\\Express\\rantal-node-api\\node_modules\\express\\lib\\router\\route.js:112:3)\n    at E:\\Code\\Nodejs\\Express\\rantal-node-api\\node_modules\\express-async-errors\\index.js:17:17\n    at Layer.handle [as handle_request] (E:\\Code\\Nodejs\\Express\\rantal-node-api\\node_modules\\express\\lib\\router\\layer.js:95:5)\n    at E:\\Code\\Nodejs\\Express\\rantal-node-api\\node_modules\\express\\lib\\router\\index.js:281:22\n    at Function.process_params (E:\\Code\\Nodejs\\Express\\rantal-node-api\\node_modules\\express\\lib\\router\\index.js:335:12)\n    at next (E:\\Code\\Nodejs\\Express\\rantal-node-api\\node_modules\\express\\lib\\router\\index.js:275:10)\n    at Function.handle (E:\\Code\\Nodejs\\Express\\rantal-node-api\\node_modules\\express\\lib\\router\\index.js:174:3)\n    at router (E:\\Code\\Nodejs\\Express\\rantal-node-api\\node_modules\\express\\lib\\router\\index.js:47:12)\n    at E:\\Code\\Nodejs\\Express\\rantal-node-api\\node_modules\\express-async-errors\\index.js:17:17\n    at Layer.handle [as handle_request] (E:\\Code\\Nodejs\\Express\\rantal-node-api\\node_modules\\express\\lib\\router\\layer.js:95:5)\n    at trim_prefix (E:\\Code\\Nodejs\\Express\\rantal-node-api\\node_modules\\express\\lib\\router\\index.js:317:13)\n    at E:\\Code\\Nodejs\\Express\\rantal-node-api\\node_modules\\express\\lib\\router\\index.js:284:7","level":"error","timestamp":"2021-03-04T05:20:38.460Z"}
{"level":"info","message":"Listening on port 3001...","timestamp":"2021-03-04T05:21:37.652Z"}
{"level":"info","message":"Connected to mongodb://localhost/ts-sample...","timestamp":"2021-03-04T05:21:39.666Z"}
{"message":"validate is not a function","stack":"TypeError: validate is not a function\n    at E:\\Code\\Nodejs\\Express\\rantal-node-api\\routes\\users.js:29:21\n    at E:\\Code\\Nodejs\\Express\\rantal-node-api\\node_modules\\express-async-errors\\index.js:17:17\n    at Layer.handle [as handle_request] (E:\\Code\\Nodejs\\Express\\rantal-node-api\\node_modules\\express\\lib\\router\\layer.js:95:5)\n    at next (E:\\Code\\Nodejs\\Express\\rantal-node-api\\node_modules\\express\\lib\\router\\route.js:137:13)\n    at Route.dispatch (E:\\Code\\Nodejs\\Express\\rantal-node-api\\node_modules\\express\\lib\\router\\route.js:112:3)\n    at E:\\Code\\Nodejs\\Express\\rantal-node-api\\node_modules\\express-async-errors\\index.js:17:17\n    at Layer.handle [as handle_request] (E:\\Code\\Nodejs\\Express\\rantal-node-api\\node_modules\\express\\lib\\router\\layer.js:95:5)\n    at E:\\Code\\Nodejs\\Express\\rantal-node-api\\node_modules\\express\\lib\\router\\index.js:281:22\n    at Function.process_params (E:\\Code\\Nodejs\\Express\\rantal-node-api\\node_modules\\express\\lib\\router\\index.js:335:12)\n    at next (E:\\Code\\Nodejs\\Express\\rantal-node-api\\node_modules\\express\\lib\\router\\index.js:275:10)\n    at Function.handle (E:\\Code\\Nodejs\\Express\\rantal-node-api\\node_modules\\express\\lib\\router\\index.js:174:3)\n    at router (E:\\Code\\Nodejs\\Express\\rantal-node-api\\node_modules\\express\\lib\\router\\index.js:47:12)\n    at E:\\Code\\Nodejs\\Express\\rantal-node-api\\node_modules\\express-async-errors\\index.js:17:17\n    at Layer.handle [as handle_request] (E:\\Code\\Nodejs\\Express\\rantal-node-api\\node_modules\\express\\lib\\router\\layer.js:95:5)\n    at trim_prefix (E:\\Code\\Nodejs\\Express\\rantal-node-api\\node_modules\\express\\lib\\router\\index.js:317:13)\n    at E:\\Code\\Nodejs\\Express\\rantal-node-api\\node_modules\\express\\lib\\router\\index.js:284:7","level":"error","timestamp":"2021-03-04T05:21:41.838Z"}
{"level":"info","message":"Listening on port 3001...","timestamp":"2021-03-04T05:22:35.269Z"}
{"level":"info","message":"Connected to mongodb://localhost/ts-sample...","timestamp":"2021-03-04T05:22:37.284Z"}
{"level":"info","message":"Listening on port 3001...","timestamp":"2021-03-04T05:23:11.284Z"}
{"level":"info","message":"Connected to mongodb://localhost/ts-sample...","timestamp":"2021-03-04T05:23:13.299Z"}
{"message":"user.generateAuthToken is not a function","stack":"TypeError: user.generateAuthToken is not a function\n    at E:\\Code\\Nodejs\\Express\\rantal-node-api\\routes\\users.js:41:22","level":"error","timestamp":"2021-03-04T05:23:15.454Z"}
{"level":"info","message":"Listening on port 3001...","timestamp":"2021-03-04T05:29:32.692Z"}
{"level":"info","message":"Connected to mongodb://localhost/ts-sample...","timestamp":"2021-03-04T05:29:34.708Z"}
{"level":"info","message":"Listening on port 3001...","timestamp":"2021-03-04T05:30:42.676Z"}
{"level":"info","message":"Connected to mongodb://localhost/ts-sample...","timestamp":"2021-03-04T05:30:44.691Z"}
{"level":"info","message":"Listening on port 3001...","timestamp":"2021-03-05T05:15:06.258Z"}
{"level":"info","message":"Connected to mongodb://localhost/ts-sample...","timestamp":"2021-03-05T05:15:08.284Z"}
{"level":"info","message":"Listening on port 3001...","timestamp":"2021-03-05T05:59:35.835Z"}
{"level":"info","message":"Connected to mongodb://localhost/ts-sample...","timestamp":"2021-03-05T05:59:37.851Z"}
{"level":"info","message":"Listening on port 3001...","timestamp":"2021-03-05T08:42:46.069Z"}
{"level":"info","message":"Connected to mongodb://localhost/ts-sample...","timestamp":"2021-03-05T08:42:48.089Z"}
{"level":"info","message":"Listening on port 3001...","timestamp":"2021-03-05T13:41:03.998Z"}
{"level":"info","message":"Connected to mongodb://localhost/ts-sample...","timestamp":"2021-03-05T13:41:06.014Z"}
{"level":"info","message":"Listening on port 3001...","timestamp":"2021-03-08T13:28:18.564Z"}
{"level":"info","message":"Connected to mongodb://localhost/ts-sample...","timestamp":"2021-03-08T13:28:21.120Z"}
{"level":"info","message":"Listening on port 3001...","timestamp":"2021-03-09T05:41:30.681Z"}
{"level":"info","message":"Connected to mongodb://localhost/ts-sample...","timestamp":"2021-03-09T05:41:32.903Z"}
{"message":"User validation failed: email: Path `email` is required., name: Path `name` is required.","errors":{"email":{"message":"Path `email` is required.","name":"ValidatorError","properties":{"message":"Path `{PATH}` is required.","type":"required","path":"email"},"kind":"required","path":"email","$isValidatorError":true},"name":{"message":"Path `name` is required.","name":"ValidatorError","properties":{"message":"Path `{PATH}` is required.","type":"required","path":"name"},"kind":"required","path":"name","$isValidatorError":true}},"_message":"User validation failed","stack":"ValidationError: User validation failed: email: Path `email` is required., name: Path `name` is required.\n    at new ValidationError (F:\\Nodejs & Express\\node-api-demo\\node_modules\\mongoose\\lib\\error\\validation.js:27:11)\n    at model.Document.invalidate (F:\\Nodejs & Express\\node-api-demo\\node_modules\\mongoose\\lib\\document.js:1656:32)\n    at F:\\Nodejs & Express\\node-api-demo\\node_modules\\mongoose\\lib\\document.js:1528:17\n    at Immediate.<anonymous> (F:\\Nodejs & Express\\node-api-demo\\node_modules\\mongoose\\lib\\schematype.js:785:9)\n    at runCallback (timers.js:705:18)\n    at tryOnImmediate (timers.js:676:5)\n    at processImmediate (timers.js:658:5)","name":"ValidationError","level":"error","timestamp":"2021-03-09T06:11:20.754Z"}
{"level":"info","message":"Listening on port 3001...","timestamp":"2021-03-09T10:06:57.665Z"}
{"level":"info","message":"Connected to mongodb://localhost/ts-sample...","timestamp":"2021-03-09T10:07:00.618Z"}
{"level":"info","message":"Listening on port 3001...","timestamp":"2021-03-10T06:17:21.434Z"}
{"level":"info","message":"Connected to mongodb://localhost/ts-sample...","timestamp":"2021-03-10T06:17:23.471Z"}
{"level":"info","message":"Listening on port 3001...","timestamp":"2021-03-10T09:10:35.391Z"}
{"level":"info","message":"Connected to mongodb://localhost/ts-sample...","timestamp":"2021-03-10T09:10:37.484Z"}
{"level":"info","message":"Listening on port 3001...","timestamp":"2021-03-11T06:35:39.887Z"}
{"level":"info","message":"Connected to mongodb://localhost/ts-sample...","timestamp":"2021-03-11T06:35:42.189Z"}
